<component name="libraryTable">
  <library name="junit-jupiter-api-5.3.2">
    <CLASSES>
      <root url="jar://$PROJECT_DIR$/web/WEB-INF/lib/junit-jupiter-api-5.3.2.jar!/" />
      <root url="jar://$PROJECT_DIR$/web/WEB-INF/lib/junit-platform-commons-1.3.2.jar!/" />
    </CLASSES>
    <JAVADOC />
    <SOURCES />
  </library>
</component>