<component name="libraryTable">
  <library name="junit">
    <CLASSES>
      <root url="jar://$PROJECT_DIR$/lib/junit-platform-commons-1.3.2.jar!/" />
      <root url="jar://$PROJECT_DIR$/lib/junit-jupiter-api-5.3.2.jar!/" />
    </CLASSES>
    <JAVADOC />
    <SOURCES />
  </library>
</component>